  <tasks name="Test">
    <exclude>../sv-benchmarks/c/*/*_false-unreach-call*</exclude>
    <includesfile>../sv-benchmarks/c/Test.set</includesfile>
    <propertyfile>../sv-benchmarks/c/ReachSafety.prp</propertyfile>
  </tasks>
